[Tue Feb 19 2019 00:17:47 GMT+1100 (Australian Eastern Daylight Time)] ::1 - "GET /400.html" HTTP/1.0" 404 mozilla/5.0 (windows nt 10.0; win64; x64) applewebkit/537.36 (khtml, like gecko) chrome/72.0.3626.109 safari/537.36 localhost
[Tue Feb 19 2019 00:17:48 GMT+1100 (Australian Eastern Daylight Time)] ::1 - "GET /400.html" HTTP/1.0" 404 mozilla/5.0 (windows nt 10.0; win64; x64) applewebkit/537.36 (khtml, like gecko) chrome/72.0.3626.109 safari/537.36 localhost
[Tue Feb 19 2019 00:18:01 GMT+1100 (Australian Eastern Daylight Time)] ::1 - "GET /400.html" HTTP/1.0" 404 mozilla/5.0 (windows nt 10.0; win64; x64) applewebkit/537.36 (khtml, like gecko) chrome/72.0.3626.109 safari/537.36 localhost
[Tue Feb 19 2019 00:18:02 GMT+1100 (Australian Eastern Daylight Time)] ::1 - "GET /400.html" HTTP/1.0" 404 mozilla/5.0 (windows nt 10.0; win64; x64) applewebkit/537.36 (khtml, like gecko) chrome/72.0.3626.109 safari/537.36 localhost
[Tue Feb 19 2019 00:18:44 GMT+1100 (Australian Eastern Daylight Time)] ::1 - "GET /400.html" HTTP/1.0" 404 mozilla/5.0 (windows nt 10.0; win64; x64) applewebkit/537.36 (khtml, like gecko) chrome/72.0.3626.109 safari/537.36 localhost
[Tue Feb 19 2019 00:19:14 GMT+1100 (Australian Eastern Daylight Time)] ::1 - "GET /400.html" HTTP/1.0" 404 mozilla/5.0 (windows nt 10.0; win64; x64) applewebkit/537.36 (khtml, like gecko) chrome/72.0.3626.109 safari/537.36 localhost
[Tue Feb 19 2019 00:19:23 GMT+1100 (Australian Eastern Daylight Time)] ::1 - "GET /undefined" HTTP/1.0" 404 mozilla/5.0 (windows nt 10.0; win64; x64) applewebkit/537.36 (khtml, like gecko) chrome/72.0.3626.109 safari/537.36 localhost
[Tue Feb 19 2019 00:19:47 GMT+1100 (Australian Eastern Daylight Time)] ::1 - "GET /index.html" HTTP/1.0" 200 localhost [??] mozilla/5.0 (windows nt 10.0; win64; x64) applewebkit/537.36 (khtml, like gecko) chrome/72.0.3626.109 safari/537.36
[Tue Feb 19 2019 00:19:52 GMT+1100 (Australian Eastern Daylight Time)] ::1 - "GET /test" HTTP/1.0" 404 mozilla/5.0 (windows nt 10.0; win64; x64) applewebkit/537.36 (khtml, like gecko) chrome/72.0.3626.109 safari/537.36 localhost
[Tue Feb 19 2019 00:20:15 GMT+1100 (Australian Eastern Daylight Time)] ::1 - "GET /index.html" HTTP/1.0" 200 localhost [??] Mozilla/5.0 (Windows NT 10.0; Win64; x64) AppleWebKit/537.36 (KHTML, like Gecko) Chrome/72.0.3626.109 Safari/537.36
[Tue Feb 19 2019 00:20:15 GMT+1100 (Australian Eastern Daylight Time)] ::1 - "GET /favicon.ico" HTTP/1.0" 404 Mozilla/5.0 (Windows NT 10.0; Win64; x64) AppleWebKit/537.36 (KHTML, like Gecko) Chrome/72.0.3626.109 Safari/537.36 localhost
[Tue Feb 19 2019 00:21:49 GMT+1100 (Australian Eastern Daylight Time)] ::1 - "GET /index.html" HTTP/1.0" 200 localhost [??] Mozilla/5.0 (Windows NT 10.0; Win64; x64) AppleWebKit/537.36 (KHTML, like Gecko) Chrome/72.0.3626.109 Safari/537.36
[Tue Feb 19 2019 00:22:34 GMT+1100 (Australian Eastern Daylight Time)] ::1 - "GET /api" HTTP/1.0" 404 Mozilla/5.0 (Windows NT 10.0; Win64; x64) AppleWebKit/537.36 (KHTML, like Gecko) Chrome/72.0.3626.109 Safari/537.36 localhost
[Tue Feb 19 2019 00:22:35 GMT+1100 (Australian Eastern Daylight Time)] ::1 - "GET /index.html" HTTP/1.0" 200 localhost [??] Mozilla/5.0 (Windows NT 10.0; Win64; x64) AppleWebKit/537.36 (KHTML, like Gecko) Chrome/72.0.3626.109 Safari/537.36
[Tue Feb 19 2019 00:22:40 GMT+1100 (Australian Eastern Daylight Time)] ::1 - "GET /test" HTTP/1.0" 404 Mozilla/5.0 (Windows NT 10.0; Win64; x64) AppleWebKit/537.36 (KHTML, like Gecko) Chrome/72.0.3626.109 Safari/537.36 localhost
[Tue Feb 19 2019 00:23:20 GMT+1100 (Australian Eastern Daylight Time)] ::1 - "GET /test" HTTP/1.0" 404 Mozilla/5.0 (Windows NT 10.0; Win64; x64) AppleWebKit/537.36 (KHTML, like Gecko) Chrome/72.0.3626.109 Safari/537.36 localhost
[Tue Feb 19 2019 00:24:08 GMT+1100 (Australian Eastern Daylight Time)] ::1 - "GET /test" HTTP/1.0" 404 Mozilla/5.0 (Windows NT 10.0; Win64; x64) AppleWebKit/537.36 (KHTML, like Gecko) Chrome/72.0.3626.109 Safari/537.36 localhost
[Tue Feb 19 2019 00:24:12 GMT+1100 (Australian Eastern Daylight Time)] ::1 - "GET /test" HTTP/1.0" 404 Mozilla/5.0 (Windows NT 10.0; Win64; x64) AppleWebKit/537.36 (KHTML, like Gecko) Chrome/72.0.3626.109 Safari/537.36 localhost
[Tue Feb 19 2019 00:24:37 GMT+1100 (Australian Eastern Daylight Time)] ::1 - "GET /test" HTTP/1.0" 404 Mozilla/5.0 (Windows NT 10.0; Win64; x64) AppleWebKit/537.36 (KHTML, like Gecko) Chrome/72.0.3626.109 Safari/537.36 localhost
[Tue Feb 19 2019 00:24:39 GMT+1100 (Australian Eastern Daylight Time)] ::1 - "GET /test" HTTP/1.0" 404 Mozilla/5.0 (Windows NT 10.0; Win64; x64) AppleWebKit/537.36 (KHTML, like Gecko) Chrome/72.0.3626.109 Safari/537.36 localhost
[Tue Feb 19 2019 00:24:51 GMT+1100 (Australian Eastern Daylight Time)] ::1 - "GET /test" HTTP/1.0" 404 Mozilla/5.0 (Windows NT 10.0; Win64; x64) AppleWebKit/537.36 (KHTML, like Gecko) Chrome/72.0.3626.109 Safari/537.36 localhost
[Tue Feb 19 2019 00:24:55 GMT+1100 (Australian Eastern Daylight Time)] ::1 - "GET /index.html" HTTP/1.0" 200 localhost [??] Mozilla/5.0 (Windows NT 10.0; Win64; x64) AppleWebKit/537.36 (KHTML, like Gecko) Chrome/72.0.3626.109 Safari/537.36
[Tue Feb 19 2019 00:25:06 GMT+1100 (Australian Eastern Daylight Time)] ::1 - "GET /index.html" HTTP/1.0" 200 localhost [??] Mozilla/5.0 (Windows NT 10.0; Win64; x64) AppleWebKit/537.36 (KHTML, like Gecko) Chrome/72.0.3626.109 Safari/537.36
[Tue Feb 19 2019 00:25:16 GMT+1100 (Australian Eastern Daylight Time)] ::1 - "GET /index.html" HTTP/1.0" 200 localhost [??] Mozilla/5.0 (Windows NT 10.0; Win64; x64) AppleWebKit/537.36 (KHTML, like Gecko) Chrome/72.0.3626.109 Safari/537.36
[Tue Feb 19 2019 00:25:19 GMT+1100 (Australian Eastern Daylight Time)] ::1 - "GET /index.html" HTTP/1.0" 200 localhost [??] Mozilla/5.0 (Windows NT 10.0; Win64; x64) AppleWebKit/537.36 (KHTML, like Gecko) Chrome/72.0.3626.109 Safari/537.36
