[Tue Feb 19 2019 00:17:47 GMT+1100 (Australian Eastern Daylight Time)] [[32mCONNECT[0m] ::1 Requested '/400.html at 1550495867937 port 80
[Tue Feb 19 2019 00:17:47 GMT+1100 (Australian Eastern Daylight Time)] [[33mDISCONNECT[0m] ::1 Requested '/400.html at 1550495867945 port 80
[Tue Feb 19 2019 00:17:48 GMT+1100 (Australian Eastern Daylight Time)] [[32mCONNECT[0m] ::1 Requested '/400.html at 1550495868026 port 80
[Tue Feb 19 2019 00:17:48 GMT+1100 (Australian Eastern Daylight Time)] [[33mDISCONNECT[0m] ::1 Requested '/400.html at 1550495868028 port 80
[Tue Feb 19 2019 00:18:01 GMT+1100 (Australian Eastern Daylight Time)] [[32mCONNECT[0m] ::1 Requested '/400.html at 1550495881084 port 80
[Tue Feb 19 2019 00:18:01 GMT+1100 (Australian Eastern Daylight Time)] [[33mDISCONNECT[0m] ::1 Requested '/400.html at 1550495881093 port 80
[Tue Feb 19 2019 00:18:02 GMT+1100 (Australian Eastern Daylight Time)] [[32mCONNECT[0m] ::1 Requested '/400.html at 1550495882054 port 80
[Tue Feb 19 2019 00:18:02 GMT+1100 (Australian Eastern Daylight Time)] [[33mDISCONNECT[0m] ::1 Requested '/400.html at 1550495882062 port 80
[Tue Feb 19 2019 00:18:44 GMT+1100 (Australian Eastern Daylight Time)] [[32mCONNECT[0m] ::1 Requested '/400.html at 1550495924712 port 80
[Tue Feb 19 2019 00:18:44 GMT+1100 (Australian Eastern Daylight Time)] [[33mDISCONNECT[0m] ::1 Requested '/400.html at 1550495924726 port 80
[Tue Feb 19 2019 00:19:14 GMT+1100 (Australian Eastern Daylight Time)] [[32mCONNECT[0m] ::1 Requested '/400.html at 1550495954088 port 80
[Tue Feb 19 2019 00:19:14 GMT+1100 (Australian Eastern Daylight Time)] [[33mDISCONNECT[0m] ::1 Requested '/400.html at 1550495954109 port 80
[Tue Feb 19 2019 00:19:23 GMT+1100 (Australian Eastern Daylight Time)] [[32mCONNECT[0m] ::1 Requested '/undefined at 1550495963461 port 80
[Tue Feb 19 2019 00:19:23 GMT+1100 (Australian Eastern Daylight Time)] [[33mDISCONNECT[0m] ::1 Requested '/undefined at 1550495963476 port 80
[Tue Feb 19 2019 00:19:47 GMT+1100 (Australian Eastern Daylight Time)] [[32mCONNECT[0m] ::1 Requested '/index.html at 1550495987670 port 80
[Tue Feb 19 2019 00:19:47 GMT+1100 (Australian Eastern Daylight Time)] [[33mDISCONNECT[0m] ::1 Requested '/index.html at 1550495987684 port 80
[Tue Feb 19 2019 00:19:52 GMT+1100 (Australian Eastern Daylight Time)] [[32mCONNECT[0m] ::1 Requested '/test at 1550495992576 port 80
[Tue Feb 19 2019 00:19:52 GMT+1100 (Australian Eastern Daylight Time)] [[33mDISCONNECT[0m] ::1 Requested '/test at 1550495992578 port 80
[Tue Feb 19 2019 00:20:15 GMT+1100 (Australian Eastern Daylight Time)] [[32mCONNECT:SSL[0m] ::1 Requested '/ at 1550496015671 port 4430ms
[Tue Feb 19 2019 00:20:15 GMT+1100 (Australian Eastern Daylight Time)] [[33mDISCONNECT:SSL[0m] ::1 Requested '/index.html at 1550496015675 port 443 RPM 14ms 22 bytes
[Tue Feb 19 2019 00:20:15 GMT+1100 (Australian Eastern Daylight Time)] [[32mCONNECT:SSL[0m] ::1 Requested '/favicon.ico at 1550496015714 port 4430ms
[Tue Feb 19 2019 00:20:15 GMT+1100 (Australian Eastern Daylight Time)] [[33mDISCONNECT:SSL[0m] ::1 Requested '/favicon.ico at 1550496015718 port 443 RPM 24ms 1138 bytes
[Tue Feb 19 2019 00:21:49 GMT+1100 (Australian Eastern Daylight Time)] [[32mCONNECT:SSL[0m] ::1 Requested '/ at 1550496109792 port 4430ms
[Tue Feb 19 2019 00:21:49 GMT+1100 (Australian Eastern Daylight Time)] [[33mDISCONNECT:SSL[0m] ::1 Requested '/index.html at 1550496109801 port 443 RPM 19ms 649 bytes
[Tue Feb 19 2019 00:22:34 GMT+1100 (Australian Eastern Daylight Time)] [[32mCONNECT:SSL[0m] ::1 Requested '/api at 1550496154356 port 4430ms
[Tue Feb 19 2019 00:22:34 GMT+1100 (Australian Eastern Daylight Time)] [[33mDISCONNECT:SSL[0m] ::1 Requested '/api at 1550496154359 port 443 RPM 23ms 1138 bytes
[Tue Feb 19 2019 00:22:35 GMT+1100 (Australian Eastern Daylight Time)] [[32mCONNECT:SSL[0m] ::1 Requested '/ at 1550496155914 port 4430ms
[Tue Feb 19 2019 00:22:35 GMT+1100 (Australian Eastern Daylight Time)] [[33mDISCONNECT:SSL[0m] ::1 Requested '/index.html at 1550496155922 port 443 RPM 38ms 652 bytes
[Tue Feb 19 2019 00:22:40 GMT+1100 (Australian Eastern Daylight Time)] [[32mCONNECT:SSL[0m] ::1 Requested '/test at 1550496160670 port 4430ms
[Tue Feb 19 2019 00:22:40 GMT+1100 (Australian Eastern Daylight Time)] [[33mDISCONNECT:SSL[0m] ::1 Requested '/test at 1550496160674 port 443 RPM 44ms 1138 bytes
[Tue Feb 19 2019 00:23:20 GMT+1100 (Australian Eastern Daylight Time)] [[32mCONNECT:SSL[0m] ::1 Requested '/test at 1550496200898 port 4430ms
[Tue Feb 19 2019 00:23:20 GMT+1100 (Australian Eastern Daylight Time)] [[33mDISCONNECT:SSL[0m] ::1 Requested '/test at 1550496200901 port 443 RPM 43ms 1159 bytes
[Tue Feb 19 2019 00:24:08 GMT+1100 (Australian Eastern Daylight Time)] [[32mCONNECT:SSL[0m] ::1 Requested '/test at 1550496248195 port 4430ms
[Tue Feb 19 2019 00:24:08 GMT+1100 (Australian Eastern Daylight Time)] [[33mDISCONNECT:SSL[0m] ::1 Requested '/test at 1550496248211 port 443 RPM 216ms 1159 bytes
[Tue Feb 19 2019 00:24:12 GMT+1100 (Australian Eastern Daylight Time)] [[32mCONNECT:SSL[0m] ::1 Requested '/test at 1550496252976 port 4430ms
[Tue Feb 19 2019 00:24:12 GMT+1100 (Australian Eastern Daylight Time)] TypeError: page.replaceArray is not a function
[Tue Feb 19 2019 00:24:37 GMT+1100 (Australian Eastern Daylight Time)] [[32mCONNECT:SSL[0m] ::1 Requested '/test at 1550496277696 port 4430ms
[Tue Feb 19 2019 00:24:37 GMT+1100 (Australian Eastern Daylight Time)] [[33mDISCONNECT:SSL[0m] ::1 Requested '/test at 1550496277713 port 443 RPM 117ms 1079 bytes
[Tue Feb 19 2019 00:24:39 GMT+1100 (Australian Eastern Daylight Time)] [[32mCONNECT:SSL[0m] ::1 Requested '/test at 1550496279623 port 4430ms
[Tue Feb 19 2019 00:24:39 GMT+1100 (Australian Eastern Daylight Time)] [[33mDISCONNECT:SSL[0m] ::1 Requested '/test at 1550496279643 port 443 RPM 220ms 1079 bytes
[Tue Feb 19 2019 00:24:51 GMT+1100 (Australian Eastern Daylight Time)] [[32mCONNECT:SSL[0m] ::1 Requested '/test at 1550496291199 port 4430ms
[Tue Feb 19 2019 00:24:51 GMT+1100 (Australian Eastern Daylight Time)] [[33mDISCONNECT:SSL[0m] ::1 Requested '/test at 1550496291214 port 443 RPM 315ms 1103 bytes
[Tue Feb 19 2019 00:24:55 GMT+1100 (Australian Eastern Daylight Time)] [[32mCONNECT:SSL[0m] ::1 Requested '/ at 1550496295833 port 4430ms
[Tue Feb 19 2019 00:24:55 GMT+1100 (Australian Eastern Daylight Time)] [[33mDISCONNECT:SSL[0m] ::1 Requested '/index.html at 1550496295837 port 443 RPM 44ms 652 bytes
[Tue Feb 19 2019 00:25:06 GMT+1100 (Australian Eastern Daylight Time)] [[32mCONNECT:SSL[0m] ::1 Requested '/ at 1550496306756 port 4430ms
[Tue Feb 19 2019 00:25:06 GMT+1100 (Australian Eastern Daylight Time)] [[33mDISCONNECT:SSL[0m] ::1 Requested '/index.html at 1550496306766 port 443 RPM 510ms 643 bytes
[Tue Feb 19 2019 00:25:16 GMT+1100 (Australian Eastern Daylight Time)] [[32mCONNECT:SSL[0m] ::1 Requested '/ at 1550496316897 port 4430ms
[Tue Feb 19 2019 00:25:16 GMT+1100 (Australian Eastern Daylight Time)] [[33mDISCONNECT:SSL[0m] ::1 Requested '/index.html at 1550496316908 port 443 RPM 611ms 643 bytes
[Tue Feb 19 2019 00:25:19 GMT+1100 (Australian Eastern Daylight Time)] [[32mCONNECT:SSL[0m] ::1 Requested '/ at 1550496319756 port 4430ms
[Tue Feb 19 2019 00:25:19 GMT+1100 (Australian Eastern Daylight Time)] [[33mDISCONNECT:SSL[0m] ::1 Requested '/index.html at 1550496319764 port 443 RPM 18ms 703 bytes
